-- Install configuration: ""
-- Up-to-date: /home/moti/ros2_ws/install/yahboom_g1_description/share/yahboom_g1_description/launch
-- Installing: /home/moti/ros2_ws/install/yahboom_g1_description/share/yahboom_g1_description/launch/working_gazebo.launch.py
-- Up-to-date: /home/moti/ros2_ws/install/yahboom_g1_description/share/yahboom_g1_description/launch/gazebo.launch.py
-- Up-to-date: /home/moti/ros2_ws/install/yahboom_g1_description/share/yahboom_g1_description/launch/simple_gazebo.launch.py
-- Up-to-date: /home/moti/ros2_ws/install/yahboom_g1_description/share/yahboom_g1_description/launch/bringup_gazebo.launch.py
-- Up-to-date: /home/moti/ros2_ws/install/yahboom_g1_description/share/yahboom_g1_description/launch/display.launch.py
-- Up-to-date: /home/moti/ros2_ws/install/yahboom_g1_description/share/yahboom_g1_description/launch/simple_gazebo_fixed.launch.py
-- Up-to-date: /home/moti/ros2_ws/install/yahboom_g1_description/share/yahboom_g1_description/launch/Untitled Document 1
-- Up-to-date: /home/moti/ros2_ws/install/yahboom_g1_description/share/yahboom_g1_description/urdf
-- Up-to-date: /home/moti/ros2_ws/install/yahboom_g1_description/share/yahboom_g1_description/urdf/yahboom_g1.urdf
-- Up-to-date: /home/moti/ros2_ws/install/yahboom_g1_description/share/yahboom_g1_description/urdf/yahboom_g1_simple.urdf
-- Up-to-date: /home/moti/ros2_ws/install/yahboom_g1_description/share/yahboom_g1_description/rviz
-- Up-to-date: /home/moti/ros2_ws/install/yahboom_g1_description/share/yahboom_g1_description/rviz/view_urdf.rviz
-- Up-to-date: /home/moti/ros2_ws/install/yahboom_g1_description/share/yahboom_g1_description/config
-- Up-to-date: /home/moti/ros2_ws/install/yahboom_g1_description/share/yahboom_g1_description/config/controllers.yaml
-- Up-to-date: /home/moti/ros2_ws/install/yahboom_g1_description/share/ament_index/resource_index/package_run_dependencies/yahboom_g1_description
-- Up-to-date: /home/moti/ros2_ws/install/yahboom_g1_description/share/ament_index/resource_index/parent_prefix_path/yahboom_g1_description
-- Up-to-date: /home/moti/ros2_ws/install/yahboom_g1_description/share/yahboom_g1_description/environment/ament_prefix_path.sh
-- Up-to-date: /home/moti/ros2_ws/install/yahboom_g1_description/share/yahboom_g1_description/environment/ament_prefix_path.dsv
-- Up-to-date: /home/moti/ros2_ws/install/yahboom_g1_description/share/yahboom_g1_description/environment/path.sh
-- Up-to-date: /home/moti/ros2_ws/install/yahboom_g1_description/share/yahboom_g1_description/environment/path.dsv
-- Up-to-date: /home/moti/ros2_ws/install/yahboom_g1_description/share/yahboom_g1_description/local_setup.bash
-- Up-to-date: /home/moti/ros2_ws/install/yahboom_g1_description/share/yahboom_g1_description/local_setup.sh
-- Up-to-date: /home/moti/ros2_ws/install/yahboom_g1_description/share/yahboom_g1_description/local_setup.zsh
-- Up-to-date: /home/moti/ros2_ws/install/yahboom_g1_description/share/yahboom_g1_description/local_setup.dsv
-- Installing: /home/moti/ros2_ws/install/yahboom_g1_description/share/yahboom_g1_description/package.dsv
-- Up-to-date: /home/moti/ros2_ws/install/yahboom_g1_description/share/ament_index/resource_index/packages/yahboom_g1_description
-- Up-to-date: /home/moti/ros2_ws/install/yahboom_g1_description/share/yahboom_g1_description/cmake/yahboom_g1_descriptionConfig.cmake
-- Up-to-date: /home/moti/ros2_ws/install/yahboom_g1_description/share/yahboom_g1_description/cmake/yahboom_g1_descriptionConfig-version.cmake
-- Up-to-date: /home/moti/ros2_ws/install/yahboom_g1_description/share/yahboom_g1_description/package.xml
