[0.009s] Invoking command in '/home/moti/ros2_ws/build/yahboom_g1_description': CMAKE_PREFIX_PATH=${CMAKE_PREFIX_PATH}:/opt/ros/humble /usr/bin/cmake /home/moti/ros2_ws/src/yahboom_g1_description -DCMAKE_INSTALL_PREFIX=/home/moti/ros2_ws/install/yahboom_g1_description
[0.105s] -- The C compiler identification is GNU 11.4.0
[0.197s] -- The CXX compiler identification is GNU 11.4.0
[0.209s] -- Detecting C compiler ABI info
[0.273s] -- Detecting C compiler ABI info - done
[0.280s] -- Check for working C compiler: /usr/bin/cc - skipped
[0.281s] -- Detecting C compile features
[0.282s] -- Detecting C compile features - done
[0.286s] -- Detecting CXX compiler ABI info
[0.358s] -- Detecting CXX compiler ABI info - done
[0.366s] -- Check for working CXX compiler: /usr/bin/c++ - skipped
[0.366s] -- Detecting CXX compile features
[0.366s] -- Detecting CXX compile features - done
[0.369s] -- Found ament_cmake: 1.3.12 (/opt/ros/humble/share/ament_cmake/cmake)
[0.513s] -- Found Python3: /usr/bin/python3 (found version "3.10.12") found components: Interpreter 
[0.619s] -- Found ament_lint_auto: 0.12.14 (/opt/ros/humble/share/ament_lint_auto/cmake)
[0.704s] -- Added test 'flake8' to check Python code syntax and style conventions
[0.705s] -- Added test 'lint_cmake' to check CMake code style
[0.705s] -- Added test 'pep257' to check Python code against some of the docstring style conventions in PEP 257
[0.707s] -- Added test 'xmllint' to check XML markup files
[0.711s] -- Configuring done
[0.711s] -- Generating done
[0.711s] -- Build files have been written to: /home/moti/ros2_ws/build/yahboom_g1_description
[0.715s] Invoked command in '/home/moti/ros2_ws/build/yahboom_g1_description' returned '0': CMAKE_PREFIX_PATH=${CMAKE_PREFIX_PATH}:/opt/ros/humble /usr/bin/cmake /home/moti/ros2_ws/src/yahboom_g1_description -DCMAKE_INSTALL_PREFIX=/home/moti/ros2_ws/install/yahboom_g1_description
[0.717s] Invoking command in '/home/moti/ros2_ws/build/yahboom_g1_description': CMAKE_PREFIX_PATH=${CMAKE_PREFIX_PATH}:/opt/ros/humble /usr/bin/cmake --build /home/moti/ros2_ws/build/yahboom_g1_description -- -j7 -l7
[0.750s] Invoked command in '/home/moti/ros2_ws/build/yahboom_g1_description' returned '0': CMAKE_PREFIX_PATH=${CMAKE_PREFIX_PATH}:/opt/ros/humble /usr/bin/cmake --build /home/moti/ros2_ws/build/yahboom_g1_description -- -j7 -l7
[0.757s] Invoking command in '/home/moti/ros2_ws/build/yahboom_g1_description': CMAKE_PREFIX_PATH=${CMAKE_PREFIX_PATH}:/opt/ros/humble /usr/bin/cmake --install /home/moti/ros2_ws/build/yahboom_g1_description
[0.765s] -- Install configuration: ""
[0.765s] -- Installing: /home/moti/ros2_ws/install/yahboom_g1_description/share/ament_index/resource_index/package_run_dependencies/yahboom_g1_description
[0.765s] -- Installing: /home/moti/ros2_ws/install/yahboom_g1_description/share/ament_index/resource_index/parent_prefix_path/yahboom_g1_description
[0.765s] -- Installing: /home/moti/ros2_ws/install/yahboom_g1_description/share/yahboom_g1_description/environment/ament_prefix_path.sh
[0.765s] -- Installing: /home/moti/ros2_ws/install/yahboom_g1_description/share/yahboom_g1_description/environment/ament_prefix_path.dsv
[0.765s] -- Installing: /home/moti/ros2_ws/install/yahboom_g1_description/share/yahboom_g1_description/environment/path.sh
[0.765s] -- Installing: /home/moti/ros2_ws/install/yahboom_g1_description/share/yahboom_g1_description/environment/path.dsv
[0.765s] -- Installing: /home/moti/ros2_ws/install/yahboom_g1_description/share/yahboom_g1_description/local_setup.bash
[0.765s] -- Installing: /home/moti/ros2_ws/install/yahboom_g1_description/share/yahboom_g1_description/local_setup.sh
[0.765s] -- Installing: /home/moti/ros2_ws/install/yahboom_g1_description/share/yahboom_g1_description/local_setup.zsh
[0.765s] -- Installing: /home/moti/ros2_ws/install/yahboom_g1_description/share/yahboom_g1_description/local_setup.dsv
[0.765s] -- Installing: /home/moti/ros2_ws/install/yahboom_g1_description/share/yahboom_g1_description/package.dsv
[0.765s] -- Installing: /home/moti/ros2_ws/install/yahboom_g1_description/share/ament_index/resource_index/packages/yahboom_g1_description
[0.766s] -- Installing: /home/moti/ros2_ws/install/yahboom_g1_description/share/yahboom_g1_description/cmake/yahboom_g1_descriptionConfig.cmake
[0.766s] -- Installing: /home/moti/ros2_ws/install/yahboom_g1_description/share/yahboom_g1_description/cmake/yahboom_g1_descriptionConfig-version.cmake
[0.766s] -- Installing: /home/moti/ros2_ws/install/yahboom_g1_description/share/yahboom_g1_description/package.xml
[0.767s] Invoked command in '/home/moti/ros2_ws/build/yahboom_g1_description' returned '0': CMAKE_PREFIX_PATH=${CMAKE_PREFIX_PATH}:/opt/ros/humble /usr/bin/cmake --install /home/moti/ros2_ws/build/yahboom_g1_description
