[0.010s] Invoking command in '/home/moti/ros2_ws/build/yahboom_g1_description': CMAKE_PREFIX_PATH=${CMAKE_PREFIX_PATH}:/opt/ros/humble /usr/bin/cmake --build /home/moti/ros2_ws/build/yahboom_g1_description -- -j7 -l7
[0.053s] Invoked command in '/home/moti/ros2_ws/build/yahboom_g1_description' returned '0': CMAKE_PREFIX_PATH=${CMAKE_PREFIX_PATH}:/opt/ros/humble /usr/bin/cmake --build /home/moti/ros2_ws/build/yahboom_g1_description -- -j7 -l7
[0.063s] Invoking command in '/home/moti/ros2_ws/build/yahboom_g1_description': CMAKE_PREFIX_PATH=${CMAKE_PREFIX_PATH}:/opt/ros/humble /usr/bin/cmake --install /home/moti/ros2_ws/build/yahboom_g1_description
[0.070s] -- Install configuration: ""
[0.070s] -- Up-to-date: /home/moti/ros2_ws/install/yahboom_g1_description/share/yahboom_g1_description/launch
[0.071s] -- Installing: /home/moti/ros2_ws/install/yahboom_g1_description/share/yahboom_g1_description/launch/Old
[0.071s] -- Installing: /home/moti/ros2_ws/install/yahboom_g1_description/share/yahboom_g1_description/launch/Old/final_working.launch.py
[0.071s] -- Installing: /home/moti/ros2_ws/install/yahboom_g1_description/share/yahboom_g1_description/launch/Old/real_tank_gazebo.launch.py
[0.071s] -- Installing: /home/moti/ros2_ws/install/yahboom_g1_description/share/yahboom_g1_description/launch/Old/rviz_mobile.launch.py
[0.071s] -- Installing: /home/moti/ros2_ws/install/yahboom_g1_description/share/yahboom_g1_description/launch/Old/working_gazebo.launch.py
[0.071s] -- Installing: /home/moti/ros2_ws/install/yahboom_g1_description/share/yahboom_g1_description/launch/Old/final_gazebo.launch.py
[0.071s] -- Installing: /home/moti/ros2_ws/install/yahboom_g1_description/share/yahboom_g1_description/launch/Old/real_tank_movement.launch.py
[0.071s] -- Installing: /home/moti/ros2_ws/install/yahboom_g1_description/share/yahboom_g1_description/launch/Old/working_demo.launch.py
[0.071s] -- Installing: /home/moti/ros2_ws/install/yahboom_g1_description/share/yahboom_g1_description/launch/Old/demo_with_gui.launch.py
[0.071s] -- Installing: /home/moti/ros2_ws/install/yahboom_g1_description/share/yahboom_g1_description/launch/Old/proper_tank_gazebo.launch.py
[0.071s] -- Installing: /home/moti/ros2_ws/install/yahboom_g1_description/share/yahboom_g1_description/launch/Old/final_movement.launch.py
[0.071s] -- Installing: /home/moti/ros2_ws/install/yahboom_g1_description/share/yahboom_g1_description/launch/Old/gazebo.launch.py
[0.072s] -- Installing: /home/moti/ros2_ws/install/yahboom_g1_description/share/yahboom_g1_description/launch/Old/simple_gazebo.launch.py
[0.072s] -- Installing: /home/moti/ros2_ws/install/yahboom_g1_description/share/yahboom_g1_description/launch/Old/final_proper_wheels.launch.py
[0.072s] -- Installing: /home/moti/ros2_ws/install/yahboom_g1_description/share/yahboom_g1_description/launch/Old/bringup_gazebo.launch.py
[0.072s] -- Installing: /home/moti/ros2_ws/install/yahboom_g1_description/share/yahboom_g1_description/launch/Old/simple_box_tank.launch.py
[0.072s] -- Installing: /home/moti/ros2_ws/install/yahboom_g1_description/share/yahboom_g1_description/launch/Old/simple_test.launch.py
[0.072s] -- Installing: /home/moti/ros2_ws/install/yahboom_g1_description/share/yahboom_g1_description/launch/Old/complete_demo.launch.py
[0.072s] -- Installing: /home/moti/ros2_ws/install/yahboom_g1_description/share/yahboom_g1_description/launch/Old/final_correct_wheels.launch.py
[0.072s] -- Installing: /home/moti/ros2_ws/install/yahboom_g1_description/share/yahboom_g1_description/launch/Old/display.launch.py
[0.072s] -- Installing: /home/moti/ros2_ws/install/yahboom_g1_description/share/yahboom_g1_description/launch/Old/tank_gazebo.launch.py
[0.072s] -- Installing: /home/moti/ros2_ws/install/yahboom_g1_description/share/yahboom_g1_description/launch/Old/clear_tank_gazebo.launch.py
[0.072s] -- Installing: /home/moti/ros2_ws/install/yahboom_g1_description/share/yahboom_g1_description/launch/Old/simple_gazebo_fixed.launch.py
[0.072s] -- Installing: /home/moti/ros2_ws/install/yahboom_g1_description/share/yahboom_g1_description/launch/Old/final_simple_movement.launch.py
[0.072s] -- Installing: /home/moti/ros2_ws/install/yahboom_g1_description/share/yahboom_g1_description/launch/Old/final_demo.launch.py
[0.073s] -- Installing: /home/moti/ros2_ws/install/yahboom_g1_description/share/yahboom_g1_description/launch/Old/final_clean_tank.launch.py
[0.073s] -- Installing: /home/moti/ros2_ws/install/yahboom_g1_description/share/yahboom_g1_description/launch/Old/gazebo_world.launch.py
[0.073s] -- Installing: /home/moti/ros2_ws/install/yahboom_g1_description/share/yahboom_g1_description/launch/Old/Untitled Document 1
[0.073s] -- Installing: /home/moti/ros2_ws/install/yahboom_g1_description/share/yahboom_g1_description/launch/Old/demo_tank_rviz.launch.py
[0.073s] -- Installing: /home/moti/ros2_ws/install/yahboom_g1_description/share/yahboom_g1_description/launch/Old/view_tank_rviz.launch.py
[0.073s] -- Installing: /home/moti/ros2_ws/install/yahboom_g1_description/share/yahboom_g1_description/launch/Old/tank_gazebo_sensors.launch.py
[0.073s] -- Up-to-date: /home/moti/ros2_ws/install/yahboom_g1_description/share/yahboom_g1_description/launch/tank_with_sensors.launch.py
[0.073s] -- Up-to-date: /home/moti/ros2_ws/install/yahboom_g1_description/lib/yahboom_g1_description/simple_tank_movement.py
[0.073s] -- Up-to-date: /home/moti/ros2_ws/install/yahboom_g1_description/lib/yahboom_g1_description/tank_controller_working.py
[0.074s] -- Up-to-date: /home/moti/ros2_ws/install/yahboom_g1_description/lib/yahboom_g1_description/test_movement.py
[0.074s] -- Up-to-date: /home/moti/ros2_ws/install/yahboom_g1_description/lib/yahboom_g1_description/mobile_tank_controller.py
[0.074s] -- Up-to-date: /home/moti/ros2_ws/install/yahboom_g1_description/lib/yahboom_g1_description/real_movement_controller.py
[0.074s] -- Up-to-date: /home/moti/ros2_ws/install/yahboom_g1_description/lib/yahboom_g1_description/correct_wheel_controller.py
[0.074s] -- Up-to-date: /home/moti/ros2_ws/install/yahboom_g1_description/lib/yahboom_g1_description/proper_wheel_rolling.py
[0.074s] -- Up-to-date: /home/moti/ros2_ws/install/yahboom_g1_description/share/yahboom_g1_description/urdf
[0.074s] -- Up-to-date: /home/moti/ros2_ws/install/yahboom_g1_description/share/yahboom_g1_description/urdf/yahboom_g1_with_sensors.urdf
[0.074s] -- Installing: /home/moti/ros2_ws/install/yahboom_g1_description/share/yahboom_g1_description/urdf/Old
[0.074s] -- Installing: /home/moti/ros2_ws/install/yahboom_g1_description/share/yahboom_g1_description/urdf/Old/yahboom_g1_mobile.urdf
[0.074s] -- Installing: /home/moti/ros2_ws/install/yahboom_g1_description/share/yahboom_g1_description/urdf/Old/yahboom_g1_correct.urdf
[0.074s] -- Installing: /home/moti/ros2_ws/install/yahboom_g1_description/share/yahboom_g1_description/urdf/Old/yahboom_g1_original_clean.urdf
[0.074s] -- Installing: /home/moti/ros2_ws/install/yahboom_g1_description/share/yahboom_g1_description/urdf/Old/yahboom_g1_proper_tank.urdf
[0.075s] -- Installing: /home/moti/ros2_ws/install/yahboom_g1_description/share/yahboom_g1_description/urdf/Old/yahboom_g1_tank.urdf
[0.075s] -- Installing: /home/moti/ros2_ws/install/yahboom_g1_description/share/yahboom_g1_description/urdf/Old/yahboom_g1_real_tank.urdf
[0.075s] -- Installing: /home/moti/ros2_ws/install/yahboom_g1_description/share/yahboom_g1_description/urdf/Old/yahboom_g1_fixed_wheels.urdf
[0.075s] -- Installing: /home/moti/ros2_ws/install/yahboom_g1_description/share/yahboom_g1_description/urdf/Old/yahboom_g1_fixed.urdf
[0.075s] -- Installing: /home/moti/ros2_ws/install/yahboom_g1_description/share/yahboom_g1_description/urdf/Old/yahboom_g1_proper_wheels.urdf
[0.075s] -- Installing: /home/moti/ros2_ws/install/yahboom_g1_description/share/yahboom_g1_description/urdf/Old/yahboom_g1.urdf
[0.075s] -- Installing: /home/moti/ros2_ws/install/yahboom_g1_description/share/yahboom_g1_description/urdf/Old/yahboom_g1_real_mobile.urdf
[0.075s] -- Installing: /home/moti/ros2_ws/install/yahboom_g1_description/share/yahboom_g1_description/urdf/Old/yahboom_g1_working.urdf
[0.075s] -- Installing: /home/moti/ros2_ws/install/yahboom_g1_description/share/yahboom_g1_description/urdf/Old/yahboom_g1_simple.urdf
[0.075s] -- Installing: /home/moti/ros2_ws/install/yahboom_g1_description/share/yahboom_g1_description/urdf/Old/yahboom_g1_simple_mobile.urdf
[0.076s] -- Installing: /home/moti/ros2_ws/install/yahboom_g1_description/share/yahboom_g1_description/urdf/Old/yahboom_g1_proper_wheel_rotation.urdf
[0.076s] -- Installing: /home/moti/ros2_ws/install/yahboom_g1_description/share/yahboom_g1_description/urdf/Old/yahboom_g1_clean_tank.urdf
[0.076s] -- Installing: /home/moti/ros2_ws/install/yahboom_g1_description/share/yahboom_g1_description/urdf/Old/yahboom_g1_corrected.urdf
[0.076s] -- Installing: /home/moti/ros2_ws/install/yahboom_g1_description/share/yahboom_g1_description/urdf/Old/yahboom_g1_final_tank.urdf
[0.076s] -- Installing: /home/moti/ros2_ws/install/yahboom_g1_description/share/yahboom_g1_description/urdf/Old/yahboom_g1_clear_tank.urdf
[0.076s] -- Installing: /home/moti/ros2_ws/install/yahboom_g1_description/share/yahboom_g1_description/urdf/Old/yahboom_g1_gazebo.urdf
[0.076s] -- Installing: /home/moti/ros2_ws/install/yahboom_g1_description/share/yahboom_g1_description/urdf/Old/yahboom_g1_simple_box.urdf
[0.076s] -- Installing: /home/moti/ros2_ws/install/yahboom_g1_description/share/yahboom_g1_description/urdf/Old/yahboom_g1_gazebo_colors.urdf
[0.076s] -- Installing: /home/moti/ros2_ws/install/yahboom_g1_description/share/yahboom_g1_description/urdf/Old/yahboom_g1_final.urdf
[0.076s] -- Up-to-date: /home/moti/ros2_ws/install/yahboom_g1_description/lib/yahboom_g1_description/tank_controller_working.py
[0.076s] -- Up-to-date: /home/moti/ros2_ws/install/yahboom_g1_description/lib/yahboom_g1_description/test_movement.py
[0.076s] -- Up-to-date: /home/moti/ros2_ws/install/yahboom_g1_description/lib/yahboom_g1_description/tank_controller_working.py
[0.076s] -- Up-to-date: /home/moti/ros2_ws/install/yahboom_g1_description/lib/yahboom_g1_description/test_movement.py
[0.076s] -- Up-to-date: /home/moti/ros2_ws/install/yahboom_g1_description/lib/yahboom_g1_description/mobile_tank_controller.py
[0.076s] -- Up-to-date: /home/moti/ros2_ws/install/yahboom_g1_description/lib/yahboom_g1_description/real_movement_controller.py
[0.077s] -- Up-to-date: /home/moti/ros2_ws/install/yahboom_g1_description/lib/yahboom_g1_description/correct_wheel_controller.py
[0.077s] -- Up-to-date: /home/moti/ros2_ws/install/yahboom_g1_description/lib/yahboom_g1_description/tank_controller_working.py
[0.077s] -- Up-to-date: /home/moti/ros2_ws/install/yahboom_g1_description/lib/yahboom_g1_description/test_movement.py
[0.077s] -- Up-to-date: /home/moti/ros2_ws/install/yahboom_g1_description/lib/yahboom_g1_description/mobile_tank_controller.py
[0.077s] -- Up-to-date: /home/moti/ros2_ws/install/yahboom_g1_description/lib/yahboom_g1_description/real_movement_controller.py
[0.077s] -- Up-to-date: /home/moti/ros2_ws/install/yahboom_g1_description/share/yahboom_g1_description/rviz
[0.077s] -- Up-to-date: /home/moti/ros2_ws/install/yahboom_g1_description/share/yahboom_g1_description/rviz/tank_demo.rviz
[0.077s] -- Up-to-date: /home/moti/ros2_ws/install/yahboom_g1_description/share/yahboom_g1_description/rviz/movement_demo.rviz
[0.077s] -- Up-to-date: /home/moti/ros2_ws/install/yahboom_g1_description/share/yahboom_g1_description/rviz/tank_view.rviz
[0.077s] -- Up-to-date: /home/moti/ros2_ws/install/yahboom_g1_description/share/yahboom_g1_description/rviz/clean_tank_movement.rviz
[0.077s] -- Up-to-date: /home/moti/ros2_ws/install/yahboom_g1_description/share/yahboom_g1_description/rviz/view_urdf.rviz
[0.077s] -- Up-to-date: /home/moti/ros2_ws/install/yahboom_g1_description/share/yahboom_g1_description/rviz/clean_tank_view.rviz
[0.077s] -- Up-to-date: /home/moti/ros2_ws/install/yahboom_g1_description/lib/yahboom_g1_description/tank_controller_working.py
[0.077s] -- Up-to-date: /home/moti/ros2_ws/install/yahboom_g1_description/lib/yahboom_g1_description/test_movement.py
[0.077s] -- Up-to-date: /home/moti/ros2_ws/install/yahboom_g1_description/lib/yahboom_g1_description/mobile_tank_controller.py
[0.078s] -- Up-to-date: /home/moti/ros2_ws/install/yahboom_g1_description/share/yahboom_g1_description/config
[0.078s] -- Up-to-date: /home/moti/ros2_ws/install/yahboom_g1_description/share/yahboom_g1_description/config/controllers.yaml
[0.078s] -- Up-to-date: /home/moti/ros2_ws/install/yahboom_g1_description/share/ament_index/resource_index/package_run_dependencies/yahboom_g1_description
[0.078s] -- Up-to-date: /home/moti/ros2_ws/install/yahboom_g1_description/share/ament_index/resource_index/parent_prefix_path/yahboom_g1_description
[0.078s] -- Up-to-date: /home/moti/ros2_ws/install/yahboom_g1_description/share/yahboom_g1_description/environment/ament_prefix_path.sh
[0.078s] -- Up-to-date: /home/moti/ros2_ws/install/yahboom_g1_description/share/yahboom_g1_description/environment/ament_prefix_path.dsv
[0.078s] -- Up-to-date: /home/moti/ros2_ws/install/yahboom_g1_description/share/yahboom_g1_description/environment/path.sh
[0.078s] -- Up-to-date: /home/moti/ros2_ws/install/yahboom_g1_description/share/yahboom_g1_description/environment/path.dsv
[0.078s] -- Up-to-date: /home/moti/ros2_ws/install/yahboom_g1_description/share/yahboom_g1_description/local_setup.bash
[0.078s] -- Up-to-date: /home/moti/ros2_ws/install/yahboom_g1_description/share/yahboom_g1_description/local_setup.sh
[0.078s] -- Up-to-date: /home/moti/ros2_ws/install/yahboom_g1_description/share/yahboom_g1_description/local_setup.zsh
[0.078s] -- Up-to-date: /home/moti/ros2_ws/install/yahboom_g1_description/share/yahboom_g1_description/local_setup.dsv
[0.079s] -- Installing: /home/moti/ros2_ws/install/yahboom_g1_description/share/yahboom_g1_description/package.dsv
[0.079s] -- Up-to-date: /home/moti/ros2_ws/install/yahboom_g1_description/share/ament_index/resource_index/packages/yahboom_g1_description
[0.079s] -- Up-to-date: /home/moti/ros2_ws/install/yahboom_g1_description/share/yahboom_g1_description/cmake/yahboom_g1_descriptionConfig.cmake
[0.079s] -- Up-to-date: /home/moti/ros2_ws/install/yahboom_g1_description/share/yahboom_g1_description/cmake/yahboom_g1_descriptionConfig-version.cmake
[0.079s] -- Up-to-date: /home/moti/ros2_ws/install/yahboom_g1_description/share/yahboom_g1_description/package.xml
[0.080s] Invoked command in '/home/moti/ros2_ws/build/yahboom_g1_description' returned '0': CMAKE_PREFIX_PATH=${CMAKE_PREFIX_PATH}:/opt/ros/humble /usr/bin/cmake --install /home/moti/ros2_ws/build/yahboom_g1_description
