[0.013s] Invoking command in '/home/moti/ros2_ws/build/yahboom_g1_description': CMAKE_PREFIX_PATH=${CMAKE_PREFIX_PATH}:/opt/ros/humble /usr/bin/cmake --build /home/moti/ros2_ws/build/yahboom_g1_description -- -j7 -l7
[0.043s] -- Found ament_cmake: 1.3.12 (/opt/ros/humble/share/ament_cmake/cmake)
[0.244s] -- Found ament_lint_auto: 0.12.14 (/opt/ros/humble/share/ament_lint_auto/cmake)
[0.325s] -- Added test 'flake8' to check Python code syntax and style conventions
[0.325s] -- Added test 'lint_cmake' to check CMake code style
[0.326s] -- Added test 'pep257' to check Python code against some of the docstring style conventions in PEP 257
[0.329s] -- Added test 'xmllint' to check XML markup files
[0.329s] -- Configuring done
[0.332s] -- Generating done
[0.336s] -- Build files have been written to: /home/moti/ros2_ws/build/yahboom_g1_description
[0.356s] Invoked command in '/home/moti/ros2_ws/build/yahboom_g1_description' returned '0': CMAKE_PREFIX_PATH=${CMAKE_PREFIX_PATH}:/opt/ros/humble /usr/bin/cmake --build /home/moti/ros2_ws/build/yahboom_g1_description -- -j7 -l7
[0.365s] Invoking command in '/home/moti/ros2_ws/build/yahboom_g1_description': CMAKE_PREFIX_PATH=${CMAKE_PREFIX_PATH}:/opt/ros/humble /usr/bin/cmake --install /home/moti/ros2_ws/build/yahboom_g1_description
[0.372s] -- Install configuration: ""
[0.374s] -- Up-to-date: /home/moti/ros2_ws/install/yahboom_g1_description/share/yahboom_g1_description/launch
[0.374s] -- Up-to-date: /home/moti/ros2_ws/install/yahboom_g1_description/share/yahboom_g1_description/launch/real_tank_gazebo.launch.py
[0.374s] -- Up-to-date: /home/moti/ros2_ws/install/yahboom_g1_description/share/yahboom_g1_description/launch/working_gazebo.launch.py
[0.374s] -- Up-to-date: /home/moti/ros2_ws/install/yahboom_g1_description/share/yahboom_g1_description/launch/final_gazebo.launch.py
[0.374s] -- Installing: /home/moti/ros2_ws/install/yahboom_g1_description/share/yahboom_g1_description/launch/working_demo.launch.py
[0.374s] -- Up-to-date: /home/moti/ros2_ws/install/yahboom_g1_description/share/yahboom_g1_description/launch/demo_with_gui.launch.py
[0.374s] -- Up-to-date: /home/moti/ros2_ws/install/yahboom_g1_description/share/yahboom_g1_description/launch/proper_tank_gazebo.launch.py
[0.374s] -- Up-to-date: /home/moti/ros2_ws/install/yahboom_g1_description/share/yahboom_g1_description/launch/gazebo.launch.py
[0.374s] -- Up-to-date: /home/moti/ros2_ws/install/yahboom_g1_description/share/yahboom_g1_description/launch/simple_gazebo.launch.py
[0.375s] -- Up-to-date: /home/moti/ros2_ws/install/yahboom_g1_description/share/yahboom_g1_description/launch/bringup_gazebo.launch.py
[0.375s] -- Up-to-date: /home/moti/ros2_ws/install/yahboom_g1_description/share/yahboom_g1_description/launch/simple_box_tank.launch.py
[0.375s] -- Up-to-date: /home/moti/ros2_ws/install/yahboom_g1_description/share/yahboom_g1_description/launch/complete_demo.launch.py
[0.375s] -- Up-to-date: /home/moti/ros2_ws/install/yahboom_g1_description/share/yahboom_g1_description/launch/display.launch.py
[0.375s] -- Up-to-date: /home/moti/ros2_ws/install/yahboom_g1_description/share/yahboom_g1_description/launch/tank_gazebo.launch.py
[0.375s] -- Up-to-date: /home/moti/ros2_ws/install/yahboom_g1_description/share/yahboom_g1_description/launch/clear_tank_gazebo.launch.py
[0.375s] -- Up-to-date: /home/moti/ros2_ws/install/yahboom_g1_description/share/yahboom_g1_description/launch/simple_gazebo_fixed.launch.py
[0.375s] -- Up-to-date: /home/moti/ros2_ws/install/yahboom_g1_description/share/yahboom_g1_description/launch/final_demo.launch.py
[0.375s] -- Up-to-date: /home/moti/ros2_ws/install/yahboom_g1_description/share/yahboom_g1_description/launch/Untitled Document 1
[0.376s] -- Up-to-date: /home/moti/ros2_ws/install/yahboom_g1_description/share/yahboom_g1_description/launch/demo_tank_rviz.launch.py
[0.376s] -- Up-to-date: /home/moti/ros2_ws/install/yahboom_g1_description/share/yahboom_g1_description/launch/view_tank_rviz.launch.py
[0.376s] -- Up-to-date: /home/moti/ros2_ws/install/yahboom_g1_description/share/yahboom_g1_description/urdf
[0.376s] -- Up-to-date: /home/moti/ros2_ws/install/yahboom_g1_description/share/yahboom_g1_description/urdf/yahboom_g1_proper_tank.urdf
[0.376s] -- Up-to-date: /home/moti/ros2_ws/install/yahboom_g1_description/share/yahboom_g1_description/urdf/yahboom_g1_tank.urdf
[0.377s] -- Up-to-date: /home/moti/ros2_ws/install/yahboom_g1_description/share/yahboom_g1_description/urdf/yahboom_g1_real_tank.urdf
[0.377s] -- Up-to-date: /home/moti/ros2_ws/install/yahboom_g1_description/share/yahboom_g1_description/urdf/yahboom_g1_fixed.urdf
[0.377s] -- Up-to-date: /home/moti/ros2_ws/install/yahboom_g1_description/share/yahboom_g1_description/urdf/yahboom_g1_proper_wheels.urdf
[0.377s] -- Up-to-date: /home/moti/ros2_ws/install/yahboom_g1_description/share/yahboom_g1_description/urdf/yahboom_g1.urdf
[0.377s] -- Up-to-date: /home/moti/ros2_ws/install/yahboom_g1_description/share/yahboom_g1_description/urdf/yahboom_g1_simple.urdf
[0.377s] -- Up-to-date: /home/moti/ros2_ws/install/yahboom_g1_description/share/yahboom_g1_description/urdf/yahboom_g1_clean_tank.urdf
[0.377s] -- Up-to-date: /home/moti/ros2_ws/install/yahboom_g1_description/share/yahboom_g1_description/urdf/yahboom_g1_corrected.urdf
[0.378s] -- Up-to-date: /home/moti/ros2_ws/install/yahboom_g1_description/share/yahboom_g1_description/urdf/yahboom_g1_final_tank.urdf
[0.378s] -- Up-to-date: /home/moti/ros2_ws/install/yahboom_g1_description/share/yahboom_g1_description/urdf/yahboom_g1_clear_tank.urdf
[0.378s] -- Up-to-date: /home/moti/ros2_ws/install/yahboom_g1_description/share/yahboom_g1_description/urdf/yahboom_g1_simple_box.urdf
[0.378s] -- Up-to-date: /home/moti/ros2_ws/install/yahboom_g1_description/share/yahboom_g1_description/urdf/yahboom_g1_gazebo_colors.urdf
[0.378s] -- Up-to-date: /home/moti/ros2_ws/install/yahboom_g1_description/share/yahboom_g1_description/urdf/yahboom_g1_final.urdf
[0.378s] -- Installing: /home/moti/ros2_ws/install/yahboom_g1_description/lib/yahboom_g1_description/tank_controller_working.py
[0.378s] -- Installing: /home/moti/ros2_ws/install/yahboom_g1_description/lib/yahboom_g1_description/test_movement.py
[0.378s] -- Up-to-date: /home/moti/ros2_ws/install/yahboom_g1_description/share/yahboom_g1_description/rviz
[0.378s] -- Up-to-date: /home/moti/ros2_ws/install/yahboom_g1_description/share/yahboom_g1_description/rviz/tank_demo.rviz
[0.378s] -- Up-to-date: /home/moti/ros2_ws/install/yahboom_g1_description/share/yahboom_g1_description/rviz/tank_view.rviz
[0.378s] -- Up-to-date: /home/moti/ros2_ws/install/yahboom_g1_description/share/yahboom_g1_description/rviz/view_urdf.rviz
[0.378s] -- Up-to-date: /home/moti/ros2_ws/install/yahboom_g1_description/share/yahboom_g1_description/rviz/clean_tank_view.rviz
[0.378s] -- Up-to-date: /home/moti/ros2_ws/install/yahboom_g1_description/share/yahboom_g1_description/config
[0.379s] -- Up-to-date: /home/moti/ros2_ws/install/yahboom_g1_description/share/yahboom_g1_description/config/controllers.yaml
[0.379s] -- Up-to-date: /home/moti/ros2_ws/install/yahboom_g1_description/share/ament_index/resource_index/package_run_dependencies/yahboom_g1_description
[0.379s] -- Installing: /home/moti/ros2_ws/install/yahboom_g1_description/share/ament_index/resource_index/parent_prefix_path/yahboom_g1_description
[0.380s] -- Up-to-date: /home/moti/ros2_ws/install/yahboom_g1_description/share/yahboom_g1_description/environment/ament_prefix_path.sh
[0.380s] -- Installing: /home/moti/ros2_ws/install/yahboom_g1_description/share/yahboom_g1_description/environment/ament_prefix_path.dsv
[0.380s] -- Up-to-date: /home/moti/ros2_ws/install/yahboom_g1_description/share/yahboom_g1_description/environment/path.sh
[0.380s] -- Installing: /home/moti/ros2_ws/install/yahboom_g1_description/share/yahboom_g1_description/environment/path.dsv
[0.381s] -- Up-to-date: /home/moti/ros2_ws/install/yahboom_g1_description/share/yahboom_g1_description/local_setup.bash
[0.381s] -- Up-to-date: /home/moti/ros2_ws/install/yahboom_g1_description/share/yahboom_g1_description/local_setup.sh
[0.381s] -- Up-to-date: /home/moti/ros2_ws/install/yahboom_g1_description/share/yahboom_g1_description/local_setup.zsh
[0.381s] -- Installing: /home/moti/ros2_ws/install/yahboom_g1_description/share/yahboom_g1_description/local_setup.dsv
[0.381s] -- Installing: /home/moti/ros2_ws/install/yahboom_g1_description/share/yahboom_g1_description/package.dsv
[0.381s] -- Up-to-date: /home/moti/ros2_ws/install/yahboom_g1_description/share/ament_index/resource_index/packages/yahboom_g1_description
[0.381s] -- Up-to-date: /home/moti/ros2_ws/install/yahboom_g1_description/share/yahboom_g1_description/cmake/yahboom_g1_descriptionConfig.cmake
[0.382s] -- Up-to-date: /home/moti/ros2_ws/install/yahboom_g1_description/share/yahboom_g1_description/cmake/yahboom_g1_descriptionConfig-version.cmake
[0.382s] -- Up-to-date: /home/moti/ros2_ws/install/yahboom_g1_description/share/yahboom_g1_description/package.xml
[0.382s] Invoked command in '/home/moti/ros2_ws/build/yahboom_g1_description' returned '0': CMAKE_PREFIX_PATH=${CMAKE_PREFIX_PATH}:/opt/ros/humble /usr/bin/cmake --install /home/moti/ros2_ws/build/yahboom_g1_description
