[0.135s] DEBUG:colcon:Command line arguments: ['/usr/bin/colcon', 'build', '--packages-select', 'yahboom_g1_description']
[0.135s] DEBUG:colcon:Parsed command line arguments: Namespace(log_base=None, log_level=None, verb_name='build', build_base='build', install_base='install', merge_install=False, symlink_install=False, test_result_base=None, continue_on_error=False, executor='parallel', parallel_workers=7, event_handlers=None, ignore_user_meta=False, metas=['./colcon.meta'], base_paths=['.'], packages_ignore=None, packages_ignore_regex=None, paths=None, packages_up_to=None, packages_up_to_regex=None, packages_above=None, packages_above_and_dependencies=None, packages_above_depth=None, packages_select_by_dep=None, packages_skip_by_dep=None, packages_skip_up_to=None, packages_select_build_failed=False, packages_skip_build_finished=False, packages_select_test_failures=False, packages_skip_test_passed=False, packages_select=['yahboom_g1_description'], packages_skip=None, packages_select_regex=None, packages_skip_regex=None, packages_start=None, packages_end=None, allow_overriding=[], cmake_args=None, cmake_target=None, cmake_target_skip_unavailable=False, cmake_clean_cache=False, cmake_clean_first=False, cmake_force_configure=False, ament_cmake_args=None, catkin_cmake_args=None, catkin_skip_building_tests=False, verb_parser=<colcon_defaults.argument_parser.defaults.DefaultArgumentsDecorator object at 0x783d38050790>, verb_extension=<colcon_core.verb.build.BuildVerb object at 0x783d38050340>, main=<bound method BuildVerb.main of <colcon_core.verb.build.BuildVerb object at 0x783d38050340>>)
[0.378s] Level 1:colcon.colcon_core.package_discovery:discover_packages(colcon_meta) check parameters
[0.378s] Level 1:colcon.colcon_core.package_discovery:discover_packages(recursive) check parameters
[0.378s] Level 1:colcon.colcon_core.package_discovery:discover_packages(ignore) check parameters
[0.378s] Level 1:colcon.colcon_core.package_discovery:discover_packages(path) check parameters
[0.378s] Level 1:colcon.colcon_core.package_discovery:discover_packages(colcon_meta) discover
[0.378s] Level 1:colcon.colcon_core.package_discovery:discover_packages(recursive) discover
[0.378s] INFO:colcon.colcon_core.package_discovery:Crawling recursively for packages in '/home/moti/ros2_ws'
[0.378s] Level 1:colcon.colcon_core.package_identification:_identify(.) by extensions ['ignore', 'ignore_ament_install']
[0.378s] Level 1:colcon.colcon_core.package_identification:_identify(.) by extension 'ignore'
[0.378s] Level 1:colcon.colcon_core.package_identification:_identify(.) by extension 'ignore_ament_install'
[0.378s] Level 1:colcon.colcon_core.package_identification:_identify(.) by extensions ['colcon_pkg']
[0.378s] Level 1:colcon.colcon_core.package_identification:_identify(.) by extension 'colcon_pkg'
[0.378s] Level 1:colcon.colcon_core.package_identification:_identify(.) by extensions ['colcon_meta']
[0.378s] Level 1:colcon.colcon_core.package_identification:_identify(.) by extension 'colcon_meta'
[0.378s] Level 1:colcon.colcon_core.package_identification:_identify(.) by extensions ['ros']
[0.378s] Level 1:colcon.colcon_core.package_identification:_identify(.) by extension 'ros'
[0.390s] Level 1:colcon.colcon_core.package_identification:_identify(.) by extensions ['cmake', 'python']
[0.390s] Level 1:colcon.colcon_core.package_identification:_identify(.) by extension 'cmake'
[0.390s] Level 1:colcon.colcon_core.package_identification:_identify(.) by extension 'python'
[0.390s] Level 1:colcon.colcon_core.package_identification:_identify(.) by extensions ['python_setup_py']
[0.390s] Level 1:colcon.colcon_core.package_identification:_identify(.) by extension 'python_setup_py'
[0.390s] Level 1:colcon.colcon_core.package_identification:_identify(build) by extensions ['ignore', 'ignore_ament_install']
[0.390s] Level 1:colcon.colcon_core.package_identification:_identify(build) by extension 'ignore'
[0.390s] Level 1:colcon.colcon_core.package_identification:_identify(build) ignored
[0.390s] Level 1:colcon.colcon_core.package_identification:_identify(install) by extensions ['ignore', 'ignore_ament_install']
[0.390s] Level 1:colcon.colcon_core.package_identification:_identify(install) by extension 'ignore'
[0.390s] Level 1:colcon.colcon_core.package_identification:_identify(install) ignored
[0.391s] Level 1:colcon.colcon_core.package_identification:_identify(log) by extensions ['ignore', 'ignore_ament_install']
[0.391s] Level 1:colcon.colcon_core.package_identification:_identify(log) by extension 'ignore'
[0.391s] Level 1:colcon.colcon_core.package_identification:_identify(log) ignored
[0.391s] Level 1:colcon.colcon_core.package_identification:_identify(src) by extensions ['ignore', 'ignore_ament_install']
[0.391s] Level 1:colcon.colcon_core.package_identification:_identify(src) by extension 'ignore'
[0.391s] Level 1:colcon.colcon_core.package_identification:_identify(src) by extension 'ignore_ament_install'
[0.391s] Level 1:colcon.colcon_core.package_identification:_identify(src) by extensions ['colcon_pkg']
[0.391s] Level 1:colcon.colcon_core.package_identification:_identify(src) by extension 'colcon_pkg'
[0.391s] Level 1:colcon.colcon_core.package_identification:_identify(src) by extensions ['colcon_meta']
[0.391s] Level 1:colcon.colcon_core.package_identification:_identify(src) by extension 'colcon_meta'
[0.391s] Level 1:colcon.colcon_core.package_identification:_identify(src) by extensions ['ros']
[0.391s] Level 1:colcon.colcon_core.package_identification:_identify(src) by extension 'ros'
[0.391s] Level 1:colcon.colcon_core.package_identification:_identify(src) by extensions ['cmake', 'python']
[0.391s] Level 1:colcon.colcon_core.package_identification:_identify(src) by extension 'cmake'
[0.391s] Level 1:colcon.colcon_core.package_identification:_identify(src) by extension 'python'
[0.391s] Level 1:colcon.colcon_core.package_identification:_identify(src) by extensions ['python_setup_py']
[0.391s] Level 1:colcon.colcon_core.package_identification:_identify(src) by extension 'python_setup_py'
[0.392s] Level 1:colcon.colcon_core.package_identification:_identify(src/yahboom_g1_description) by extensions ['ignore', 'ignore_ament_install']
[0.392s] Level 1:colcon.colcon_core.package_identification:_identify(src/yahboom_g1_description) by extension 'ignore'
[0.392s] Level 1:colcon.colcon_core.package_identification:_identify(src/yahboom_g1_description) by extension 'ignore_ament_install'
[0.392s] Level 1:colcon.colcon_core.package_identification:_identify(src/yahboom_g1_description) by extensions ['colcon_pkg']
[0.392s] Level 1:colcon.colcon_core.package_identification:_identify(src/yahboom_g1_description) by extension 'colcon_pkg'
[0.392s] Level 1:colcon.colcon_core.package_identification:_identify(src/yahboom_g1_description) by extensions ['colcon_meta']
[0.392s] Level 1:colcon.colcon_core.package_identification:_identify(src/yahboom_g1_description) by extension 'colcon_meta'
[0.392s] Level 1:colcon.colcon_core.package_identification:_identify(src/yahboom_g1_description) by extensions ['ros']
[0.392s] Level 1:colcon.colcon_core.package_identification:_identify(src/yahboom_g1_description) by extension 'ros'
[0.394s] DEBUG:colcon.colcon_core.package_identification:Package 'src/yahboom_g1_description' with type 'ros.ament_cmake' and name 'yahboom_g1_description'
[0.394s] Level 1:colcon.colcon_core.package_discovery:discover_packages(recursive) using defaults
[0.394s] Level 1:colcon.colcon_core.package_discovery:discover_packages(ignore) discover
[0.394s] Level 1:colcon.colcon_core.package_discovery:discover_packages(ignore) using defaults
[0.394s] Level 1:colcon.colcon_core.package_discovery:discover_packages(path) discover
[0.394s] Level 1:colcon.colcon_core.package_discovery:discover_packages(path) using defaults
[0.417s] Level 1:colcon.colcon_core.package_discovery:discover_packages(prefix_path) check parameters
[0.417s] Level 1:colcon.colcon_core.package_discovery:discover_packages(prefix_path) discover
[0.428s] DEBUG:colcon.colcon_installed_package_information.package_discovery:Found 1 installed packages in /home/moti/g1tank_ws/install
[0.429s] DEBUG:colcon.colcon_installed_package_information.package_discovery:Found 440 installed packages in /opt/ros/humble
[0.431s] Level 1:colcon.colcon_core.package_discovery:discover_packages(prefix_path) using defaults
[0.487s] Level 5:colcon.colcon_core.verb:set package 'yahboom_g1_description' build argument 'cmake_args' from command line to 'None'
[0.487s] Level 5:colcon.colcon_core.verb:set package 'yahboom_g1_description' build argument 'cmake_target' from command line to 'None'
[0.487s] Level 5:colcon.colcon_core.verb:set package 'yahboom_g1_description' build argument 'cmake_target_skip_unavailable' from command line to 'False'
[0.487s] Level 5:colcon.colcon_core.verb:set package 'yahboom_g1_description' build argument 'cmake_clean_cache' from command line to 'False'
[0.487s] Level 5:colcon.colcon_core.verb:set package 'yahboom_g1_description' build argument 'cmake_clean_first' from command line to 'False'
[0.487s] Level 5:colcon.colcon_core.verb:set package 'yahboom_g1_description' build argument 'cmake_force_configure' from command line to 'False'
[0.487s] Level 5:colcon.colcon_core.verb:set package 'yahboom_g1_description' build argument 'ament_cmake_args' from command line to 'None'
[0.487s] Level 5:colcon.colcon_core.verb:set package 'yahboom_g1_description' build argument 'catkin_cmake_args' from command line to 'None'
[0.487s] Level 5:colcon.colcon_core.verb:set package 'yahboom_g1_description' build argument 'catkin_skip_building_tests' from command line to 'False'
[0.487s] DEBUG:colcon.colcon_core.verb:Building package 'yahboom_g1_description' with the following arguments: {'ament_cmake_args': None, 'build_base': '/home/moti/ros2_ws/build/yahboom_g1_description', 'catkin_cmake_args': None, 'catkin_skip_building_tests': False, 'cmake_args': None, 'cmake_clean_cache': False, 'cmake_clean_first': False, 'cmake_force_configure': False, 'cmake_target': None, 'cmake_target_skip_unavailable': False, 'install_base': '/home/moti/ros2_ws/install/yahboom_g1_description', 'merge_install': False, 'path': '/home/moti/ros2_ws/src/yahboom_g1_description', 'symlink_install': False, 'test_result_base': None}
[0.487s] INFO:colcon.colcon_core.executor:Executing jobs using 'parallel' executor
[0.488s] DEBUG:colcon.colcon_parallel_executor.executor.parallel:run_until_complete
[0.488s] INFO:colcon.colcon_ros.task.ament_cmake.build:Building ROS package in '/home/moti/ros2_ws/src/yahboom_g1_description' with build type 'ament_cmake'
[0.489s] INFO:colcon.colcon_cmake.task.cmake.build:Building CMake package in '/home/moti/ros2_ws/src/yahboom_g1_description'
[0.492s] INFO:colcon.colcon_core.plugin_system:Skipping extension 'colcon_core.shell.bat': Not used on non-Windows systems
[0.492s] INFO:colcon.colcon_core.shell:Skip shell extension 'powershell' for command environment: Not usable outside of PowerShell
[0.492s] DEBUG:colcon.colcon_core.shell:Skip shell extension 'dsv' for command environment
[0.501s] DEBUG:colcon.colcon_core.event_handler.log_command:Invoking command in '/home/moti/ros2_ws/build/yahboom_g1_description': CMAKE_PREFIX_PATH=${CMAKE_PREFIX_PATH}:/opt/ros/humble /usr/bin/cmake --build /home/moti/ros2_ws/build/yahboom_g1_description -- -j7 -l7
[0.541s] DEBUG:colcon.colcon_core.event_handler.log_command:Invoked command in '/home/moti/ros2_ws/build/yahboom_g1_description' returned '0': CMAKE_PREFIX_PATH=${CMAKE_PREFIX_PATH}:/opt/ros/humble /usr/bin/cmake --build /home/moti/ros2_ws/build/yahboom_g1_description -- -j7 -l7
[0.554s] DEBUG:colcon.colcon_core.event_handler.log_command:Invoking command in '/home/moti/ros2_ws/build/yahboom_g1_description': CMAKE_PREFIX_PATH=${CMAKE_PREFIX_PATH}:/opt/ros/humble /usr/bin/cmake --install /home/moti/ros2_ws/build/yahboom_g1_description
[0.571s] Level 1:colcon.colcon_core.environment:create_environment_scripts_only(yahboom_g1_description)
[0.575s] DEBUG:colcon.colcon_core.event_handler.log_command:Invoked command in '/home/moti/ros2_ws/build/yahboom_g1_description' returned '0': CMAKE_PREFIX_PATH=${CMAKE_PREFIX_PATH}:/opt/ros/humble /usr/bin/cmake --install /home/moti/ros2_ws/build/yahboom_g1_description
[0.578s] Level 1:colcon.colcon_core.environment:checking '/home/moti/ros2_ws/install/yahboom_g1_description' for CMake module files
[0.579s] Level 1:colcon.colcon_core.environment:checking '/home/moti/ros2_ws/install/yahboom_g1_description' for CMake config files
[0.580s] Level 1:colcon.colcon_core.shell:create_environment_hook('yahboom_g1_description', 'cmake_prefix_path')
[0.581s] INFO:colcon.colcon_core.shell:Creating environment hook '/home/moti/ros2_ws/install/yahboom_g1_description/share/yahboom_g1_description/hook/cmake_prefix_path.ps1'
[0.581s] INFO:colcon.colcon_core.shell:Creating environment descriptor '/home/moti/ros2_ws/install/yahboom_g1_description/share/yahboom_g1_description/hook/cmake_prefix_path.dsv'
[0.582s] INFO:colcon.colcon_core.shell:Creating environment hook '/home/moti/ros2_ws/install/yahboom_g1_description/share/yahboom_g1_description/hook/cmake_prefix_path.sh'
[0.583s] Level 1:colcon.colcon_core.environment:checking '/home/moti/ros2_ws/install/yahboom_g1_description/lib'
[0.583s] Level 1:colcon.colcon_core.environment:checking '/home/moti/ros2_ws/install/yahboom_g1_description/bin'
[0.583s] Level 1:colcon.colcon_core.environment:checking '/home/moti/ros2_ws/install/yahboom_g1_description/lib/pkgconfig/yahboom_g1_description.pc'
[0.584s] Level 1:colcon.colcon_core.environment:checking '/home/moti/ros2_ws/install/yahboom_g1_description/lib/python3.10/site-packages'
[0.584s] Level 1:colcon.colcon_core.environment:checking '/home/moti/ros2_ws/install/yahboom_g1_description/bin'
[0.584s] INFO:colcon.colcon_core.shell:Creating package script '/home/moti/ros2_ws/install/yahboom_g1_description/share/yahboom_g1_description/package.ps1'
[0.585s] INFO:colcon.colcon_core.shell:Creating package descriptor '/home/moti/ros2_ws/install/yahboom_g1_description/share/yahboom_g1_description/package.dsv'
[0.586s] INFO:colcon.colcon_core.shell:Creating package script '/home/moti/ros2_ws/install/yahboom_g1_description/share/yahboom_g1_description/package.sh'
[0.586s] INFO:colcon.colcon_core.shell:Creating package script '/home/moti/ros2_ws/install/yahboom_g1_description/share/yahboom_g1_description/package.bash'
[0.587s] INFO:colcon.colcon_core.shell:Creating package script '/home/moti/ros2_ws/install/yahboom_g1_description/share/yahboom_g1_description/package.zsh'
[0.588s] Level 1:colcon.colcon_core.environment:create_file_with_runtime_dependencies(/home/moti/ros2_ws/install/yahboom_g1_description/share/colcon-core/packages/yahboom_g1_description)
[0.589s] Level 1:colcon.colcon_core.environment:create_environment_scripts_only(yahboom_g1_description)
[0.589s] Level 1:colcon.colcon_core.environment:checking '/home/moti/ros2_ws/install/yahboom_g1_description' for CMake module files
[0.590s] Level 1:colcon.colcon_core.environment:checking '/home/moti/ros2_ws/install/yahboom_g1_description' for CMake config files
[0.590s] Level 1:colcon.colcon_core.shell:create_environment_hook('yahboom_g1_description', 'cmake_prefix_path')
[0.590s] INFO:colcon.colcon_core.shell:Creating environment hook '/home/moti/ros2_ws/install/yahboom_g1_description/share/yahboom_g1_description/hook/cmake_prefix_path.ps1'
[0.591s] INFO:colcon.colcon_core.shell:Creating environment descriptor '/home/moti/ros2_ws/install/yahboom_g1_description/share/yahboom_g1_description/hook/cmake_prefix_path.dsv'
[0.591s] INFO:colcon.colcon_core.shell:Creating environment hook '/home/moti/ros2_ws/install/yahboom_g1_description/share/yahboom_g1_description/hook/cmake_prefix_path.sh'
[0.592s] Level 1:colcon.colcon_core.environment:checking '/home/moti/ros2_ws/install/yahboom_g1_description/lib'
[0.592s] Level 1:colcon.colcon_core.environment:checking '/home/moti/ros2_ws/install/yahboom_g1_description/bin'
[0.592s] Level 1:colcon.colcon_core.environment:checking '/home/moti/ros2_ws/install/yahboom_g1_description/lib/pkgconfig/yahboom_g1_description.pc'
[0.592s] Level 1:colcon.colcon_core.environment:checking '/home/moti/ros2_ws/install/yahboom_g1_description/lib/python3.10/site-packages'
[0.592s] Level 1:colcon.colcon_core.environment:checking '/home/moti/ros2_ws/install/yahboom_g1_description/bin'
[0.593s] INFO:colcon.colcon_core.shell:Creating package script '/home/moti/ros2_ws/install/yahboom_g1_description/share/yahboom_g1_description/package.ps1'
[0.593s] INFO:colcon.colcon_core.shell:Creating package descriptor '/home/moti/ros2_ws/install/yahboom_g1_description/share/yahboom_g1_description/package.dsv'
[0.594s] INFO:colcon.colcon_core.shell:Creating package script '/home/moti/ros2_ws/install/yahboom_g1_description/share/yahboom_g1_description/package.sh'
[0.594s] INFO:colcon.colcon_core.shell:Creating package script '/home/moti/ros2_ws/install/yahboom_g1_description/share/yahboom_g1_description/package.bash'
[0.595s] INFO:colcon.colcon_core.shell:Creating package script '/home/moti/ros2_ws/install/yahboom_g1_description/share/yahboom_g1_description/package.zsh'
[0.595s] Level 1:colcon.colcon_core.environment:create_file_with_runtime_dependencies(/home/moti/ros2_ws/install/yahboom_g1_description/share/colcon-core/packages/yahboom_g1_description)
[0.595s] DEBUG:colcon.colcon_parallel_executor.executor.parallel:closing loop
[0.596s] DEBUG:colcon.colcon_parallel_executor.executor.parallel:loop closed
[0.596s] DEBUG:colcon.colcon_parallel_executor.executor.parallel:run_until_complete finished with '0'
[0.596s] DEBUG:colcon.colcon_core.event_reactor:joining thread
[0.602s] INFO:colcon.colcon_core.plugin_system:Skipping extension 'colcon_notification.desktop_notification.terminal_notifier': Not used on non-Darwin systems
[0.602s] INFO:colcon.colcon_core.plugin_system:Skipping extension 'colcon_notification.desktop_notification.win32': Not used on non-Windows systems
[0.602s] INFO:colcon.colcon_notification.desktop_notification:Sending desktop notification using 'notify2'
[0.619s] DEBUG:colcon.colcon_core.event_reactor:joined thread
[0.620s] INFO:colcon.colcon_core.shell:Creating prefix script '/home/moti/ros2_ws/install/local_setup.ps1'
[0.621s] INFO:colcon.colcon_core.shell:Creating prefix util module '/home/moti/ros2_ws/install/_local_setup_util_ps1.py'
[0.623s] INFO:colcon.colcon_core.shell:Creating prefix chain script '/home/moti/ros2_ws/install/setup.ps1'
[0.625s] INFO:colcon.colcon_core.shell:Creating prefix script '/home/moti/ros2_ws/install/local_setup.sh'
[0.625s] INFO:colcon.colcon_core.shell:Creating prefix util module '/home/moti/ros2_ws/install/_local_setup_util_sh.py'
[0.626s] INFO:colcon.colcon_core.shell:Creating prefix chain script '/home/moti/ros2_ws/install/setup.sh'
[0.627s] INFO:colcon.colcon_core.shell:Creating prefix script '/home/moti/ros2_ws/install/local_setup.bash'
[0.628s] INFO:colcon.colcon_core.shell:Creating prefix chain script '/home/moti/ros2_ws/install/setup.bash'
[0.629s] INFO:colcon.colcon_core.shell:Creating prefix script '/home/moti/ros2_ws/install/local_setup.zsh'
[0.629s] INFO:colcon.colcon_core.shell:Creating prefix chain script '/home/moti/ros2_ws/install/setup.zsh'
