[0.011s] Invoking command in '/home/moti/ros2_ws/build/yahboom_g1_description': CMAKE_PREFIX_PATH=${CMAKE_PREFIX_PATH}:/opt/ros/humble /usr/bin/cmake --build /home/moti/ros2_ws/build/yahboom_g1_description -- -j7 -l7
[0.030s] -- Found ament_cmake: 1.3.12 (/opt/ros/humble/share/ament_cmake/cmake)
[0.151s] -- Found ament_lint_auto: 0.12.14 (/opt/ros/humble/share/ament_lint_auto/cmake)
[0.216s] -- Added test 'flake8' to check Python code syntax and style conventions
[0.216s] -- Added test 'lint_cmake' to check CMake code style
[0.216s] -- Added test 'pep257' to check Python code against some of the docstring style conventions in PEP 257
[0.217s] -- Added test 'xmllint' to check XML markup files
[0.218s] -- Configuring done
[0.220s] -- Generating done
[0.222s] -- Build files have been written to: /home/moti/ros2_ws/build/yahboom_g1_description
[0.241s] Invoked command in '/home/moti/ros2_ws/build/yahboom_g1_description' returned '0': CMAKE_PREFIX_PATH=${CMAKE_PREFIX_PATH}:/opt/ros/humble /usr/bin/cmake --build /home/moti/ros2_ws/build/yahboom_g1_description -- -j7 -l7
[0.254s] Invoking command in '/home/moti/ros2_ws/build/yahboom_g1_description': CMAKE_PREFIX_PATH=${CMAKE_PREFIX_PATH}:/opt/ros/humble /usr/bin/cmake --install /home/moti/ros2_ws/build/yahboom_g1_description
[0.261s] -- Install configuration: ""
[0.261s] -- Up-to-date: /home/moti/ros2_ws/install/yahboom_g1_description/share/yahboom_g1_description/launch
[0.261s] -- Installing: /home/moti/ros2_ws/install/yahboom_g1_description/share/yahboom_g1_description/launch/gazebo.launch.py
[0.261s] -- Up-to-date: /home/moti/ros2_ws/install/yahboom_g1_description/share/yahboom_g1_description/launch/display.launch.py
[0.261s] -- Up-to-date: /home/moti/ros2_ws/install/yahboom_g1_description/share/yahboom_g1_description/launch/Untitled Document 1
[0.261s] -- Up-to-date: /home/moti/ros2_ws/install/yahboom_g1_description/share/yahboom_g1_description/urdf
[0.262s] -- Installing: /home/moti/ros2_ws/install/yahboom_g1_description/share/yahboom_g1_description/urdf/yahboom_g1.urdf
[0.262s] -- Up-to-date: /home/moti/ros2_ws/install/yahboom_g1_description/share/yahboom_g1_description/rviz
[0.262s] -- Up-to-date: /home/moti/ros2_ws/install/yahboom_g1_description/share/yahboom_g1_description/rviz/view_urdf.rviz
[0.262s] -- Installing: /home/moti/ros2_ws/install/yahboom_g1_description/share/ament_index/resource_index/package_run_dependencies/yahboom_g1_description
[0.262s] -- Up-to-date: /home/moti/ros2_ws/install/yahboom_g1_description/share/ament_index/resource_index/parent_prefix_path/yahboom_g1_description
[0.262s] -- Up-to-date: /home/moti/ros2_ws/install/yahboom_g1_description/share/yahboom_g1_description/environment/ament_prefix_path.sh
[0.262s] -- Installing: /home/moti/ros2_ws/install/yahboom_g1_description/share/yahboom_g1_description/environment/ament_prefix_path.dsv
[0.262s] -- Up-to-date: /home/moti/ros2_ws/install/yahboom_g1_description/share/yahboom_g1_description/environment/path.sh
[0.262s] -- Installing: /home/moti/ros2_ws/install/yahboom_g1_description/share/yahboom_g1_description/environment/path.dsv
[0.262s] -- Up-to-date: /home/moti/ros2_ws/install/yahboom_g1_description/share/yahboom_g1_description/local_setup.bash
[0.262s] -- Up-to-date: /home/moti/ros2_ws/install/yahboom_g1_description/share/yahboom_g1_description/local_setup.sh
[0.262s] -- Up-to-date: /home/moti/ros2_ws/install/yahboom_g1_description/share/yahboom_g1_description/local_setup.zsh
[0.262s] -- Installing: /home/moti/ros2_ws/install/yahboom_g1_description/share/yahboom_g1_description/local_setup.dsv
[0.263s] -- Installing: /home/moti/ros2_ws/install/yahboom_g1_description/share/yahboom_g1_description/package.dsv
[0.263s] -- Up-to-date: /home/moti/ros2_ws/install/yahboom_g1_description/share/ament_index/resource_index/packages/yahboom_g1_description
[0.263s] -- Up-to-date: /home/moti/ros2_ws/install/yahboom_g1_description/share/yahboom_g1_description/cmake/yahboom_g1_descriptionConfig.cmake
[0.263s] -- Up-to-date: /home/moti/ros2_ws/install/yahboom_g1_description/share/yahboom_g1_description/cmake/yahboom_g1_descriptionConfig-version.cmake
[0.263s] -- Installing: /home/moti/ros2_ws/install/yahboom_g1_description/share/yahboom_g1_description/package.xml
[0.264s] Invoked command in '/home/moti/ros2_ws/build/yahboom_g1_description' returned '0': CMAKE_PREFIX_PATH=${CMAKE_PREFIX_PATH}:/opt/ros/humble /usr/bin/cmake --install /home/moti/ros2_ws/build/yahboom_g1_description
