-- Install configuration: ""
-- Up-to-date: /home/moti/ros2_ws/install/yahboom_g1_description/share/yahboom_g1_description/launch
-- Up-to-date: /home/moti/ros2_ws/install/yahboom_g1_description/share/yahboom_g1_description/launch/final_working.launch.py
-- Up-to-date: /home/moti/ros2_ws/install/yahboom_g1_description/share/yahboom_g1_description/launch/real_tank_gazebo.launch.py
-- Up-to-date: /home/moti/ros2_ws/install/yahboom_g1_description/share/yahboom_g1_description/launch/rviz_mobile.launch.py
-- Up-to-date: /home/moti/ros2_ws/install/yahboom_g1_description/share/yahboom_g1_description/launch/working_gazebo.launch.py
-- Up-to-date: /home/moti/ros2_ws/install/yahboom_g1_description/share/yahboom_g1_description/launch/final_gazebo.launch.py
-- Up-to-date: /home/moti/ros2_ws/install/yahboom_g1_description/share/yahboom_g1_description/launch/real_tank_movement.launch.py
-- Up-to-date: /home/moti/ros2_ws/install/yahboom_g1_description/share/yahboom_g1_description/launch/working_demo.launch.py
-- Up-to-date: /home/moti/ros2_ws/install/yahboom_g1_description/share/yahboom_g1_description/launch/demo_with_gui.launch.py
-- Up-to-date: /home/moti/ros2_ws/install/yahboom_g1_description/share/yahboom_g1_description/launch/proper_tank_gazebo.launch.py
-- Up-to-date: /home/moti/ros2_ws/install/yahboom_g1_description/share/yahboom_g1_description/launch/final_movement.launch.py
-- Up-to-date: /home/moti/ros2_ws/install/yahboom_g1_description/share/yahboom_g1_description/launch/gazebo.launch.py
-- Up-to-date: /home/moti/ros2_ws/install/yahboom_g1_description/share/yahboom_g1_description/launch/simple_gazebo.launch.py
-- Up-to-date: /home/moti/ros2_ws/install/yahboom_g1_description/share/yahboom_g1_description/launch/final_proper_wheels.launch.py
-- Up-to-date: /home/moti/ros2_ws/install/yahboom_g1_description/share/yahboom_g1_description/launch/bringup_gazebo.launch.py
-- Up-to-date: /home/moti/ros2_ws/install/yahboom_g1_description/share/yahboom_g1_description/launch/simple_box_tank.launch.py
-- Up-to-date: /home/moti/ros2_ws/install/yahboom_g1_description/share/yahboom_g1_description/launch/simple_test.launch.py
-- Up-to-date: /home/moti/ros2_ws/install/yahboom_g1_description/share/yahboom_g1_description/launch/complete_demo.launch.py
-- Up-to-date: /home/moti/ros2_ws/install/yahboom_g1_description/share/yahboom_g1_description/launch/final_correct_wheels.launch.py
-- Up-to-date: /home/moti/ros2_ws/install/yahboom_g1_description/share/yahboom_g1_description/launch/display.launch.py
-- Up-to-date: /home/moti/ros2_ws/install/yahboom_g1_description/share/yahboom_g1_description/launch/tank_gazebo.launch.py
-- Up-to-date: /home/moti/ros2_ws/install/yahboom_g1_description/share/yahboom_g1_description/launch/clear_tank_gazebo.launch.py
-- Up-to-date: /home/moti/ros2_ws/install/yahboom_g1_description/share/yahboom_g1_description/launch/tank_with_sensors.launch.py
-- Up-to-date: /home/moti/ros2_ws/install/yahboom_g1_description/share/yahboom_g1_description/launch/simple_gazebo_fixed.launch.py
-- Up-to-date: /home/moti/ros2_ws/install/yahboom_g1_description/share/yahboom_g1_description/launch/final_simple_movement.launch.py
-- Up-to-date: /home/moti/ros2_ws/install/yahboom_g1_description/share/yahboom_g1_description/launch/final_demo.launch.py
-- Up-to-date: /home/moti/ros2_ws/install/yahboom_g1_description/share/yahboom_g1_description/launch/final_clean_tank.launch.py
-- Up-to-date: /home/moti/ros2_ws/install/yahboom_g1_description/share/yahboom_g1_description/launch/gazebo_world.launch.py
-- Up-to-date: /home/moti/ros2_ws/install/yahboom_g1_description/share/yahboom_g1_description/launch/Untitled Document 1
-- Up-to-date: /home/moti/ros2_ws/install/yahboom_g1_description/share/yahboom_g1_description/launch/demo_tank_rviz.launch.py
-- Up-to-date: /home/moti/ros2_ws/install/yahboom_g1_description/share/yahboom_g1_description/launch/view_tank_rviz.launch.py
-- Installing: /home/moti/ros2_ws/install/yahboom_g1_description/share/yahboom_g1_description/launch/tank_gazebo_sensors.launch.py
-- Up-to-date: /home/moti/ros2_ws/install/yahboom_g1_description/lib/yahboom_g1_description/simple_tank_movement.py
-- Up-to-date: /home/moti/ros2_ws/install/yahboom_g1_description/lib/yahboom_g1_description/tank_controller_working.py
-- Up-to-date: /home/moti/ros2_ws/install/yahboom_g1_description/lib/yahboom_g1_description/test_movement.py
-- Up-to-date: /home/moti/ros2_ws/install/yahboom_g1_description/lib/yahboom_g1_description/mobile_tank_controller.py
-- Up-to-date: /home/moti/ros2_ws/install/yahboom_g1_description/lib/yahboom_g1_description/real_movement_controller.py
-- Up-to-date: /home/moti/ros2_ws/install/yahboom_g1_description/lib/yahboom_g1_description/correct_wheel_controller.py
-- Up-to-date: /home/moti/ros2_ws/install/yahboom_g1_description/lib/yahboom_g1_description/proper_wheel_rolling.py
-- Up-to-date: /home/moti/ros2_ws/install/yahboom_g1_description/share/yahboom_g1_description/urdf
-- Up-to-date: /home/moti/ros2_ws/install/yahboom_g1_description/share/yahboom_g1_description/urdf/yahboom_g1_with_sensors.urdf
-- Up-to-date: /home/moti/ros2_ws/install/yahboom_g1_description/share/yahboom_g1_description/urdf/yahboom_g1_mobile.urdf
-- Up-to-date: /home/moti/ros2_ws/install/yahboom_g1_description/share/yahboom_g1_description/urdf/yahboom_g1_correct.urdf
-- Up-to-date: /home/moti/ros2_ws/install/yahboom_g1_description/share/yahboom_g1_description/urdf/yahboom_g1_original_clean.urdf
-- Up-to-date: /home/moti/ros2_ws/install/yahboom_g1_description/share/yahboom_g1_description/urdf/yahboom_g1_proper_tank.urdf
-- Up-to-date: /home/moti/ros2_ws/install/yahboom_g1_description/share/yahboom_g1_description/urdf/yahboom_g1_tank.urdf
-- Up-to-date: /home/moti/ros2_ws/install/yahboom_g1_description/share/yahboom_g1_description/urdf/yahboom_g1_real_tank.urdf
-- Up-to-date: /home/moti/ros2_ws/install/yahboom_g1_description/share/yahboom_g1_description/urdf/yahboom_g1_fixed_wheels.urdf
-- Up-to-date: /home/moti/ros2_ws/install/yahboom_g1_description/share/yahboom_g1_description/urdf/yahboom_g1_fixed.urdf
-- Up-to-date: /home/moti/ros2_ws/install/yahboom_g1_description/share/yahboom_g1_description/urdf/yahboom_g1_proper_wheels.urdf
-- Up-to-date: /home/moti/ros2_ws/install/yahboom_g1_description/share/yahboom_g1_description/urdf/yahboom_g1.urdf
-- Up-to-date: /home/moti/ros2_ws/install/yahboom_g1_description/share/yahboom_g1_description/urdf/yahboom_g1_real_mobile.urdf
-- Up-to-date: /home/moti/ros2_ws/install/yahboom_g1_description/share/yahboom_g1_description/urdf/yahboom_g1_working.urdf
-- Up-to-date: /home/moti/ros2_ws/install/yahboom_g1_description/share/yahboom_g1_description/urdf/yahboom_g1_simple.urdf
-- Up-to-date: /home/moti/ros2_ws/install/yahboom_g1_description/share/yahboom_g1_description/urdf/yahboom_g1_simple_mobile.urdf
-- Up-to-date: /home/moti/ros2_ws/install/yahboom_g1_description/share/yahboom_g1_description/urdf/yahboom_g1_proper_wheel_rotation.urdf
-- Up-to-date: /home/moti/ros2_ws/install/yahboom_g1_description/share/yahboom_g1_description/urdf/yahboom_g1_clean_tank.urdf
-- Up-to-date: /home/moti/ros2_ws/install/yahboom_g1_description/share/yahboom_g1_description/urdf/yahboom_g1_corrected.urdf
-- Up-to-date: /home/moti/ros2_ws/install/yahboom_g1_description/share/yahboom_g1_description/urdf/yahboom_g1_final_tank.urdf
-- Up-to-date: /home/moti/ros2_ws/install/yahboom_g1_description/share/yahboom_g1_description/urdf/yahboom_g1_clear_tank.urdf
-- Up-to-date: /home/moti/ros2_ws/install/yahboom_g1_description/share/yahboom_g1_description/urdf/yahboom_g1_gazebo.urdf
-- Up-to-date: /home/moti/ros2_ws/install/yahboom_g1_description/share/yahboom_g1_description/urdf/yahboom_g1_simple_box.urdf
-- Up-to-date: /home/moti/ros2_ws/install/yahboom_g1_description/share/yahboom_g1_description/urdf/yahboom_g1_gazebo_colors.urdf
-- Up-to-date: /home/moti/ros2_ws/install/yahboom_g1_description/share/yahboom_g1_description/urdf/yahboom_g1_final.urdf
-- Up-to-date: /home/moti/ros2_ws/install/yahboom_g1_description/lib/yahboom_g1_description/tank_controller_working.py
-- Up-to-date: /home/moti/ros2_ws/install/yahboom_g1_description/lib/yahboom_g1_description/test_movement.py
-- Up-to-date: /home/moti/ros2_ws/install/yahboom_g1_description/lib/yahboom_g1_description/tank_controller_working.py
-- Up-to-date: /home/moti/ros2_ws/install/yahboom_g1_description/lib/yahboom_g1_description/test_movement.py
-- Up-to-date: /home/moti/ros2_ws/install/yahboom_g1_description/lib/yahboom_g1_description/mobile_tank_controller.py
-- Up-to-date: /home/moti/ros2_ws/install/yahboom_g1_description/lib/yahboom_g1_description/real_movement_controller.py
-- Up-to-date: /home/moti/ros2_ws/install/yahboom_g1_description/lib/yahboom_g1_description/correct_wheel_controller.py
-- Up-to-date: /home/moti/ros2_ws/install/yahboom_g1_description/lib/yahboom_g1_description/tank_controller_working.py
-- Up-to-date: /home/moti/ros2_ws/install/yahboom_g1_description/lib/yahboom_g1_description/test_movement.py
-- Up-to-date: /home/moti/ros2_ws/install/yahboom_g1_description/lib/yahboom_g1_description/mobile_tank_controller.py
-- Up-to-date: /home/moti/ros2_ws/install/yahboom_g1_description/lib/yahboom_g1_description/real_movement_controller.py
-- Up-to-date: /home/moti/ros2_ws/install/yahboom_g1_description/share/yahboom_g1_description/rviz
-- Up-to-date: /home/moti/ros2_ws/install/yahboom_g1_description/share/yahboom_g1_description/rviz/tank_demo.rviz
-- Up-to-date: /home/moti/ros2_ws/install/yahboom_g1_description/share/yahboom_g1_description/rviz/movement_demo.rviz
-- Up-to-date: /home/moti/ros2_ws/install/yahboom_g1_description/share/yahboom_g1_description/rviz/tank_view.rviz
-- Up-to-date: /home/moti/ros2_ws/install/yahboom_g1_description/share/yahboom_g1_description/rviz/clean_tank_movement.rviz
-- Up-to-date: /home/moti/ros2_ws/install/yahboom_g1_description/share/yahboom_g1_description/rviz/view_urdf.rviz
-- Up-to-date: /home/moti/ros2_ws/install/yahboom_g1_description/share/yahboom_g1_description/rviz/clean_tank_view.rviz
-- Up-to-date: /home/moti/ros2_ws/install/yahboom_g1_description/lib/yahboom_g1_description/tank_controller_working.py
-- Up-to-date: /home/moti/ros2_ws/install/yahboom_g1_description/lib/yahboom_g1_description/test_movement.py
-- Up-to-date: /home/moti/ros2_ws/install/yahboom_g1_description/lib/yahboom_g1_description/mobile_tank_controller.py
-- Up-to-date: /home/moti/ros2_ws/install/yahboom_g1_description/share/yahboom_g1_description/config
-- Up-to-date: /home/moti/ros2_ws/install/yahboom_g1_description/share/yahboom_g1_description/config/controllers.yaml
-- Up-to-date: /home/moti/ros2_ws/install/yahboom_g1_description/share/ament_index/resource_index/package_run_dependencies/yahboom_g1_description
-- Up-to-date: /home/moti/ros2_ws/install/yahboom_g1_description/share/ament_index/resource_index/parent_prefix_path/yahboom_g1_description
-- Up-to-date: /home/moti/ros2_ws/install/yahboom_g1_description/share/yahboom_g1_description/environment/ament_prefix_path.sh
-- Up-to-date: /home/moti/ros2_ws/install/yahboom_g1_description/share/yahboom_g1_description/environment/ament_prefix_path.dsv
-- Up-to-date: /home/moti/ros2_ws/install/yahboom_g1_description/share/yahboom_g1_description/environment/path.sh
-- Up-to-date: /home/moti/ros2_ws/install/yahboom_g1_description/share/yahboom_g1_description/environment/path.dsv
-- Up-to-date: /home/moti/ros2_ws/install/yahboom_g1_description/share/yahboom_g1_description/local_setup.bash
-- Up-to-date: /home/moti/ros2_ws/install/yahboom_g1_description/share/yahboom_g1_description/local_setup.sh
-- Up-to-date: /home/moti/ros2_ws/install/yahboom_g1_description/share/yahboom_g1_description/local_setup.zsh
-- Up-to-date: /home/moti/ros2_ws/install/yahboom_g1_description/share/yahboom_g1_description/local_setup.dsv
-- Installing: /home/moti/ros2_ws/install/yahboom_g1_description/share/yahboom_g1_description/package.dsv
-- Up-to-date: /home/moti/ros2_ws/install/yahboom_g1_description/share/ament_index/resource_index/packages/yahboom_g1_description
-- Up-to-date: /home/moti/ros2_ws/install/yahboom_g1_description/share/yahboom_g1_description/cmake/yahboom_g1_descriptionConfig.cmake
-- Up-to-date: /home/moti/ros2_ws/install/yahboom_g1_description/share/yahboom_g1_description/cmake/yahboom_g1_descriptionConfig-version.cmake
-- Up-to-date: /home/moti/ros2_ws/install/yahboom_g1_description/share/yahboom_g1_description/package.xml
